  Ball.cpp
  CpuPaddle.cpp
  Game.cpp
  Paddle.cpp
  Renderer.cpp
  SoundManager.cpp
  Source.cpp
  Generating Code...
\Ball.cpp(1,1): error C1083: Cannot open source file: 'Ball.cpp': No such file or directory
  (compiling source file '/Ball.cpp')
  
\CpuPaddle.cpp(1,1): error C1083: Cannot open source file: 'CpuPaddle.cpp': No such file or directory
  (compiling source file '/CpuPaddle.cpp')
  
\Game.cpp(1,1): error C1083: Cannot open source file: 'Game.cpp': No such file or directory
  (compiling source file '/Game.cpp')
  
\Paddle.cpp(1,1): error C1083: Cannot open source file: 'Paddle.cpp': No such file or directory
  (compiling source file '/Paddle.cpp')
  
\Renderer.cpp(1,1): error C1083: Cannot open source file: 'Renderer.cpp': No such file or directory
  (compiling source file '/Renderer.cpp')
  
\SoundManager.cpp(1,1): error C1083: Cannot open source file: 'SoundManager.cpp': No such file or directory
  (compiling source file '/SoundManager.cpp')
  
\Source.cpp(1,1): error C1083: Cannot open source file: 'Source.cpp': No such file or directory
  (compiling source file '/Source.cpp')
  
