c:\users\mendy\source\repos\ponggame\ponggame\x64\debug\vc143.pdb
c:\users\mendy\source\repos\ponggame\ponggame\x64\debug\vc143.idb
c:\users\mendy\source\repos\ponggame\ponggame\x64\debug\source.obj
c:\users\mendy\source\repos\ponggame\ponggame\x64\debug\soundmanager.obj
c:\users\mendy\source\repos\ponggame\ponggame\x64\debug\paddle.obj
c:\users\mendy\source\repos\ponggame\ponggame\x64\debug\game.obj
c:\users\mendy\source\repos\ponggame\ponggame\x64\debug\cpupaddle.obj
c:\users\mendy\source\repos\ponggame\ponggame\x64\debug\ball.obj
c:\users\mendy\source\repos\ponggame\ponggame\x64\debug\renderer.obj
c:\users\mendy\source\repos\ponggame\x64\debug\ponggame.exe
c:\users\mendy\source\repos\ponggame\x64\debug\ponggame.pdb
c:\users\mendy\source\repos\ponggame\x64\debug\raylib.dll
c:\users\mendy\source\repos\ponggame\ponggame\x64\debug\ponggame.ilk
c:\users\mendy\source\repos\ponggame\ponggame\x64\debug\ponggame.tlog\cl.command.1.tlog
c:\users\mendy\source\repos\ponggame\ponggame\x64\debug\ponggame.tlog\cl.items.tlog
c:\users\mendy\source\repos\ponggame\ponggame\x64\debug\ponggame.tlog\cl.read.1.tlog
c:\users\mendy\source\repos\ponggame\ponggame\x64\debug\ponggame.tlog\cl.write.1.tlog
c:\users\mendy\source\repos\ponggame\ponggame\x64\debug\ponggame.tlog\link.command.1.tlog
c:\users\mendy\source\repos\ponggame\ponggame\x64\debug\ponggame.tlog\link.read.1.tlog
c:\users\mendy\source\repos\ponggame\ponggame\x64\debug\ponggame.tlog\link.secondary.1.tlog
c:\users\mendy\source\repos\ponggame\ponggame\x64\debug\ponggame.tlog\link.write.1.tlog
c:\users\mendy\source\repos\ponggame\ponggame\x64\debug\ponggame.tlog\ponggame.write.1u.tlog
